
> openhands-frontend@0.55.0 dev
> npm run make-i18n && cross-env VITE_MOCK_API=false react-router dev --host 0.0.0.0 --port 52461


> openhands-frontend@0.55.0 make-i18n
> node scripts/make-i18n-translations.cjs

Port 52461 is in use, trying another one...
Port 52462 is in use, trying another one...
Port 52463 is in use, trying another one...
  ➜  Local:   http://localhost:52464/
  ➜  Network: http://172.17.0.13:52464/
  ➜  press h + enter to show help

[2m[10081.48ms][22m [@tailwindcss/vite] Generate CSS (serve)
[2m[ 9462.91ms][22m  [2m ↳ [22mSetup compiler
[2m[    4.04ms][22m  [2m ↳ [22mSetup scanner
[2m[  171.40ms][22m  [2m ↳ [22mScan for candidates
[2m[  324.66ms][22m  [2m ↳ [22mBuild CSS
[2m[    0.02ms][22m  [2m ↳ [22mBuild Source Map


[2m[8.09ms][22m [@tailwindcss/postcss] src/tailwind.css
[2m[8.02ms][22m  [2m ↳ [22mQuick bail check


[2m[5.76ms][22m [@tailwindcss/vite] Generate CSS (serve)
[2m[5.17ms][22m  [2m ↳ [22mSetup compiler
[2m[0.20ms][22m  [2m ↳ [22mSetup scanner


[2m[0.05ms][22m [@tailwindcss/postcss] src/index.css
[2m[0.03ms][22m  [2m ↳ [22mQuick bail check


[2m[346.59ms][22m [@tailwindcss/vite] Generate CSS (serve)
[2m[ 78.97ms][22m  [2m ↳ [22mScan for candidates
[2m[  4.88ms][22m  [2m ↳ [22mBuild CSS
[2m[  0.00ms][22m  [2m ↳ [22mBuild Source Map


[2m[6.24ms][22m [@tailwindcss/postcss] src/tailwind.css
[2m[6.21ms][22m  [2m ↳ [22mQuick bail check


[2m[4.15ms][22m [@tailwindcss/vite] Generate CSS (serve)
[2m[3.67ms][22m  [2m ↳ [22mSetup compiler
[2m[0.20ms][22m  [2m ↳ [22mSetup scanner


[2m[0.05ms][22m [@tailwindcss/postcss] src/index.css
[2m[0.03ms][22m  [2m ↳ [22mQuick bail check

